2020-09-08 16:12:17,612 INFO  com.wordpress.admin.Level_14_Log_Report_HTML - Pre-condition - STEP 01: Open Login Page
2020-09-08 16:12:17,615 INFO  com.wordpress.admin.Level_14_Log_Report_HTML - Pre-condition - STEP 02: Input To 'Email' textbox 
2020-09-08 16:12:17,780 INFO  com.wordpress.admin.Level_14_Log_Report_HTML - Pre-condition - STEP 031: Click to 'Continue' button
2020-09-08 16:12:17,870 INFO  com.wordpress.admin.Level_14_Log_Report_HTML - Pre-condition - STEP 04: Input to 'Password' textbox
2020-09-08 16:12:19,564 INFO  com.wordpress.admin.Level_14_Log_Report_HTML - Pre-condition - STEP 05: Click to 'Login' button
2020-09-08 16:12:19,629 INFO  com.wordpress.admin.Level_14_Log_Report_HTML - Pre-condition - STEP 06: Verify Dashboard Header Displayed
2020-09-08 16:12:22,511 INFO  com.wordpress.admin.Level_14_Log_Report_HTML - New_Customer - STEP 01: Click to 'Screen' options 
2020-09-08 16:12:24,606 INFO  com.wordpress.admin.Level_14_Log_Report_HTML - New_Customer - STEP 02: Verify 'Activity' checkbox is displayed
2020-09-08 16:12:24,632 INFO  com.wordpress.admin.Level_14_Log_Report_HTML - New_Customer - STEP 03: Click to 'Screen' options 
2020-09-08 16:12:26,696 INFO  com.wordpress.admin.Level_14_Log_Report_HTML - New_Customer - STEP 04: Verify 'Activity' checkbox is not displayed 
2020-09-08 16:12:26,724 INFO  com.wordpress.admin.Level_14_Log_Report_HTML - New_Customer - STEP 05: Verify 'all post' submenu is not displayed  
2020-09-08 16:12:26,751 INFO  com.wordpress.admin.Level_14_Log_Report_HTML - Edit_Customer - STEP 01: Verify 'plans' menu is not displayed  
2020-09-08 16:33:01,305 INFO  com.wordpress.admin.Level_14_Log_Report_HTML - Pre-condition - Open browser
2020-09-08 16:33:09,492 INFO  com.wordpress.admin.Level_14_Log_Report_HTML - Pre-condition - STEP 01: Open Login Page
2020-09-08 16:33:09,495 INFO  com.wordpress.admin.Level_14_Log_Report_HTML - Pre-condition - STEP 02: Input To 'Email' textbox 
2020-09-08 16:33:09,681 INFO  com.wordpress.admin.Level_14_Log_Report_HTML - Pre-condition - STEP 031: Click to 'Continue' button
2020-09-08 16:33:09,759 INFO  com.wordpress.admin.Level_14_Log_Report_HTML - Pre-condition - STEP 04: Input to 'Password' textbox
2020-09-08 16:33:10,396 INFO  com.wordpress.admin.Level_14_Log_Report_HTML - Pre-condition - STEP 05: Click to 'Login' button
2020-09-08 16:33:10,464 INFO  com.wordpress.admin.Level_14_Log_Report_HTML - Pre-condition - STEP 06: Verify Dashboard Header Displayed
2020-09-08 16:33:12,533 INFO  com.wordpress.admin.Level_14_Log_Report_HTML - New_Customer - STEP 01: Click to 'Screen' options 
2020-09-08 16:33:14,626 INFO  com.wordpress.admin.Level_14_Log_Report_HTML - New_Customer - STEP 02: Verify 'Activity' checkbox is displayed
2020-09-08 16:33:14,654 INFO  com.wordpress.admin.Level_14_Log_Report_HTML - New_Customer - STEP 03: Click to 'Screen' options 
2020-09-08 16:33:16,722 INFO  com.wordpress.admin.Level_14_Log_Report_HTML - New_Customer - STEP 04: Verify 'Activity' checkbox is not displayed 
2020-09-08 16:33:16,752 INFO  com.wordpress.admin.Level_14_Log_Report_HTML - New_Customer - STEP 05: Verify 'all post' submenu is not displayed  
2020-09-08 16:33:16,783 INFO  com.wordpress.admin.Level_14_Log_Report_HTML - Edit_Customer - STEP 01: Verify 'plans' menu is not displayed  
2020-09-08 16:33:21,847 INFO  com.wordpress.admin.Level_14_Log_Report_HTML - Post Condition - Close browser 
2020-09-08 16:48:02,098 INFO  com.wordpress.admin.Level_14_Log_Report_HTML - Pre-condition - Open browser
2020-09-08 16:48:02,098 INFO  com.wordpress.admin.Level_14_Log_Report_HTML - Pre-condition - Open browser
2020-09-08 16:48:10,362 INFO  com.wordpress.admin.Level_14_Log_Report_HTML - Pre-condition - STEP 01: Open Login Page
2020-09-08 16:48:10,367 INFO  com.wordpress.admin.Level_14_Log_Report_HTML - Pre-condition - STEP 02: Input To 'Email' textbox 
2020-09-08 16:48:10,543 INFO  com.wordpress.admin.Level_14_Log_Report_HTML - Pre-condition - STEP 031: Click to 'Continue' button
2020-09-08 16:48:10,633 INFO  com.wordpress.admin.Level_14_Log_Report_HTML - Pre-condition - STEP 04: Input to 'Password' textbox
2020-09-08 16:48:11,276 INFO  com.wordpress.admin.Level_14_Log_Report_HTML - Pre-condition - STEP 05: Click to 'Login' button
2020-09-08 16:48:11,344 INFO  com.wordpress.admin.Level_14_Log_Report_HTML - Pre-condition - STEP 06: Verify Dashboard Header Displayed
2020-09-08 16:48:13,417 INFO  com.wordpress.admin.Level_14_Log_Report_HTML - New_Customer - STEP 01: Click to 'Screen' options 
2020-09-08 16:48:15,049 INFO  com.wordpress.admin.Level_14_Log_Report_HTML - Pre-condition - STEP 01: Open Login Page
2020-09-08 16:48:15,049 INFO  com.wordpress.admin.Level_14_Log_Report_HTML - Pre-condition - STEP 02: Input To 'Email' textbox 
2020-09-08 16:48:15,176 INFO  com.wordpress.admin.Level_14_Log_Report_HTML - Pre-condition - STEP 031: Click to 'Continue' button
2020-09-08 16:48:15,262 INFO  com.wordpress.admin.Level_14_Log_Report_HTML - Pre-condition - STEP 04: Input to 'Password' textbox
2020-09-08 16:48:15,501 INFO  com.wordpress.admin.Level_14_Log_Report_HTML - New_Customer - STEP 02: Verify 'Activity' checkbox is displayed
2020-09-08 16:48:15,530 INFO  com.wordpress.admin.Level_14_Log_Report_HTML - New_Customer - STEP 03: Click to 'Screen' options 
2020-09-08 16:48:15,894 INFO  com.wordpress.admin.Level_14_Log_Report_HTML - Pre-condition - STEP 05: Click to 'Login' button
2020-09-08 16:48:15,961 INFO  com.wordpress.admin.Level_14_Log_Report_HTML - Pre-condition - STEP 06: Verify Dashboard Header Displayed
2020-09-08 16:48:17,597 INFO  com.wordpress.admin.Level_14_Log_Report_HTML - New_Customer - STEP 04: Verify 'Activity' checkbox is not displayed 
2020-09-08 16:48:17,627 INFO  com.wordpress.admin.Level_14_Log_Report_HTML - New_Customer - STEP 05: Verify 'all post' submenu is not displayed  
2020-09-08 16:48:17,661 INFO  com.wordpress.admin.Level_14_Log_Report_HTML - Edit_Customer - STEP 01: Verify 'plans' menu is not displayed  
2020-09-08 16:48:18,052 INFO  com.wordpress.admin.Level_14_Log_Report_HTML - New_Customer - STEP 01: Click to 'Screen' options 
2020-09-08 16:48:20,144 INFO  com.wordpress.admin.Level_14_Log_Report_HTML - New_Customer - STEP 02: Verify 'Activity' checkbox is displayed
2020-09-08 16:48:20,167 INFO  com.wordpress.admin.Level_14_Log_Report_HTML - New_Customer - STEP 03: Click to 'Screen' options 
2020-09-08 16:48:22,225 INFO  com.wordpress.admin.Level_14_Log_Report_HTML - New_Customer - STEP 04: Verify 'Activity' checkbox is not displayed 
2020-09-08 16:48:22,253 INFO  com.wordpress.admin.Level_14_Log_Report_HTML - New_Customer - STEP 05: Verify 'all post' submenu is not displayed  
2020-09-08 16:48:22,280 INFO  com.wordpress.admin.Level_14_Log_Report_HTML - Edit_Customer - STEP 01: Verify 'plans' menu is not displayed  
2020-09-08 16:48:22,686 INFO  com.wordpress.admin.Level_14_Log_Report_HTML - Post Condition - Close browser 
2020-09-08 16:48:27,324 INFO  com.wordpress.admin.Level_14_Log_Report_HTML - Post Condition - Close browser 
2020-09-08 16:56:53,765 INFO  com.wordpress.admin.Level_14_Log_Report_HTML - Pre-condition - Open browser
2020-09-08 16:56:53,765 INFO  com.wordpress.admin.Level_14_Log_Report_HTML - Pre-condition - Open browser
2020-09-08 16:57:02,518 INFO  com.wordpress.admin.Level_14_Log_Report_HTML - Pre-condition - STEP 01: Open Login Page
2020-09-08 16:57:02,520 INFO  com.wordpress.admin.Level_14_Log_Report_HTML - Pre-condition - STEP 02: Input To 'Email' textbox 
2020-09-08 16:57:02,683 INFO  com.wordpress.admin.Level_14_Log_Report_HTML - Pre-condition - STEP 03: Click to 'Continue' button
2020-09-08 16:57:02,770 INFO  com.wordpress.admin.Level_14_Log_Report_HTML - Pre-condition - STEP 04: Input to 'Password' textbox
2020-09-08 16:57:02,943 INFO  com.wordpress.admin.Level_14_Log_Report_HTML - Pre-condition - STEP 01: Open Login Page
2020-09-08 16:57:02,944 INFO  com.wordpress.admin.Level_14_Log_Report_HTML - Pre-condition - STEP 02: Input To 'Email' textbox 
2020-09-08 16:57:03,075 INFO  com.wordpress.admin.Level_14_Log_Report_HTML - Pre-condition - STEP 03: Click to 'Continue' button
2020-09-08 16:57:03,151 INFO  com.wordpress.admin.Level_14_Log_Report_HTML - Pre-condition - STEP 04: Input to 'Password' textbox
2020-09-08 16:57:03,407 INFO  com.wordpress.admin.Level_14_Log_Report_HTML - Pre-condition - STEP 05: Click to 'Login' button
2020-09-08 16:57:03,495 INFO  com.wordpress.admin.Level_14_Log_Report_HTML - Pre-condition - STEP 06: Verify Dashboard Header Displayed
2020-09-08 16:57:03,776 INFO  com.wordpress.admin.Level_14_Log_Report_HTML - Pre-condition - STEP 05: Click to 'Login' button
2020-09-08 16:57:03,837 INFO  com.wordpress.admin.Level_14_Log_Report_HTML - Pre-condition - STEP 06: Verify Dashboard Header Displayed
2020-09-08 16:57:05,608 INFO  com.wordpress.admin.Level_14_Log_Report_HTML - New_Customer - STEP 01: Click to 'Screen' options 
2020-09-08 16:57:05,915 INFO  com.wordpress.admin.Level_14_Log_Report_HTML - New_Customer - STEP 01: Click to 'Screen' options 
2020-09-08 16:57:07,728 INFO  com.wordpress.admin.Level_14_Log_Report_HTML - New_Customer - STEP 02: Verify 'Activity' checkbox is displayed
2020-09-08 16:57:07,749 INFO  com.wordpress.admin.Level_14_Log_Report_HTML - New_Customer - STEP 03: Click to 'Screen' options 
2020-09-08 16:57:08,014 INFO  com.wordpress.admin.Level_14_Log_Report_HTML - New_Customer - STEP 02: Verify 'Activity' checkbox is displayed
2020-09-08 16:57:08,035 INFO  com.wordpress.admin.Level_14_Log_Report_HTML - New_Customer - STEP 03: Click to 'Screen' options 
2020-09-08 16:57:09,806 INFO  com.wordpress.admin.Level_14_Log_Report_HTML - New_Customer - STEP 04: Verify 'Activity' checkbox is not displayed 
2020-09-08 16:57:09,831 INFO  com.wordpress.admin.Level_14_Log_Report_HTML - New_Customer - STEP 05: Verify 'all post' submenu is not displayed  
2020-09-08 16:57:09,855 INFO  com.wordpress.admin.Level_14_Log_Report_HTML - Edit_Customer - STEP 01: Verify 'plans' menu is not displayed  
2020-09-08 16:57:10,088 INFO  com.wordpress.admin.Level_14_Log_Report_HTML - New_Customer - STEP 04: Verify 'Activity' checkbox is not displayed 
2020-09-08 16:57:10,112 INFO  com.wordpress.admin.Level_14_Log_Report_HTML - New_Customer - STEP 05: Verify 'all post' submenu is not displayed  
2020-09-08 16:57:10,136 INFO  com.wordpress.admin.Level_14_Log_Report_HTML - Edit_Customer - STEP 01: Verify 'plans' menu is not displayed  
2020-09-08 16:57:14,891 INFO  com.wordpress.admin.Level_14_Log_Report_HTML - Post Condition - Close browser 
2020-09-08 16:57:15,154 INFO  com.wordpress.admin.Level_14_Log_Report_HTML - Post Condition - Close browser 
2020-09-08 17:05:22,370 INFO  com.wordpress.admin.Level_14_Log_Report_HTML - Pre-condition - Open browser
2020-09-08 17:05:22,370 INFO  com.wordpress.admin.Level_14_Log_Report_HTML - Pre-condition - Open browser
2020-09-08 17:05:31,694 INFO  com.wordpress.admin.Level_14_Log_Report_HTML - Pre-condition - STEP 01: Open Login Page
2020-09-08 17:05:31,696 INFO  com.wordpress.admin.Level_14_Log_Report_HTML - Pre-condition - STEP 01: Open Login Page
2020-09-08 17:05:31,698 INFO  com.wordpress.admin.Level_14_Log_Report_HTML - Pre-condition - STEP 02: Input To 'Email' textbox 
2020-09-08 17:05:31,698 INFO  com.wordpress.admin.Level_14_Log_Report_HTML - Pre-condition - STEP 02: Input To 'Email' textbox 
2020-09-08 17:05:31,856 INFO  com.wordpress.admin.Level_14_Log_Report_HTML - Pre-condition - STEP 03: Click to 'Continue' button
2020-09-08 17:05:31,860 INFO  com.wordpress.admin.Level_14_Log_Report_HTML - Pre-condition - STEP 03: Click to 'Continue' button
2020-09-08 17:05:31,944 INFO  com.wordpress.admin.Level_14_Log_Report_HTML - Pre-condition - STEP 04: Input to 'Password' textbox
2020-09-08 17:05:31,950 INFO  com.wordpress.admin.Level_14_Log_Report_HTML - Pre-condition - STEP 04: Input to 'Password' textbox
2020-09-08 17:05:32,628 INFO  com.wordpress.admin.Level_14_Log_Report_HTML - Pre-condition - STEP 05: Click to 'Login' button
2020-09-08 17:05:32,628 INFO  com.wordpress.admin.Level_14_Log_Report_HTML - Pre-condition - STEP 05: Click to 'Login' button
2020-09-08 17:05:32,687 INFO  com.wordpress.admin.Level_14_Log_Report_HTML - Pre-condition - STEP 06: Verify Dashboard Header Displayed
2020-09-08 17:05:32,687 INFO  com.wordpress.admin.Level_14_Log_Report_HTML - Pre-condition - STEP 06: Verify Dashboard Header Displayed
2020-09-08 17:05:34,638 INFO  com.wordpress.admin.Level_14_Log_Report_HTML - New_Customer - STEP 01: Click to 'Screen' options 
2020-09-08 17:05:34,822 INFO  com.wordpress.admin.Level_14_Log_Report_HTML - New_Customer - STEP 01: Click to 'Screen' options 
2020-09-08 17:05:36,734 INFO  com.wordpress.admin.Level_14_Log_Report_HTML - New_Customer - STEP 02: Verify 'Activity' checkbox is displayed
2020-09-08 17:05:36,758 INFO  com.wordpress.admin.Level_14_Log_Report_HTML - New_Customer - STEP 03: Click to 'Screen' options 
2020-09-08 17:05:36,922 INFO  com.wordpress.admin.Level_14_Log_Report_HTML - New_Customer - STEP 02: Verify 'Activity' checkbox is displayed
2020-09-08 17:05:36,949 INFO  com.wordpress.admin.Level_14_Log_Report_HTML - New_Customer - STEP 03: Click to 'Screen' options 
2020-09-08 17:05:38,818 INFO  com.wordpress.admin.Level_14_Log_Report_HTML - New_Customer - STEP 04: Verify 'Activity' checkbox is not displayed 
2020-09-08 17:05:38,845 INFO  com.wordpress.admin.Level_14_Log_Report_HTML - New_Customer - STEP 05: Verify 'all post' submenu is not displayed  
2020-09-08 17:05:38,874 INFO  com.wordpress.admin.Level_14_Log_Report_HTML - Edit_Customer - STEP 01: Verify 'plans' menu is not displayed  
2020-09-08 17:05:39,011 INFO  com.wordpress.admin.Level_14_Log_Report_HTML - New_Customer - STEP 04: Verify 'Activity' checkbox is not displayed 
2020-09-08 17:05:39,036 INFO  com.wordpress.admin.Level_14_Log_Report_HTML - New_Customer - STEP 05: Verify 'all post' submenu is not displayed  
2020-09-08 17:05:39,062 INFO  com.wordpress.admin.Level_14_Log_Report_HTML - Edit_Customer - STEP 01: Verify 'plans' menu is not displayed  
2020-09-08 17:05:43,912 INFO  com.wordpress.admin.Level_14_Log_Report_HTML - Post Condition - Close browser 
2020-09-08 17:05:44,103 INFO  com.wordpress.admin.Level_14_Log_Report_HTML - Post Condition - Close browser 
2020-09-08 17:15:27,834 INFO  com.wordpress.admin.Level_14_Log_Report_HTML - Pre-condition - Open browser
2020-09-08 17:15:27,834 INFO  com.wordpress.admin.Level_14_Log_Report_HTML - Pre-condition - Open browser
2020-09-08 17:15:36,131 INFO  com.wordpress.admin.Level_14_Log_Report_HTML - Pre-condition - STEP 01: Open Login Page
2020-09-08 17:15:36,134 INFO  com.wordpress.admin.Level_14_Log_Report_HTML - Pre-condition - STEP 02: Input To 'Email' textbox 
2020-09-08 17:15:36,241 INFO  com.wordpress.admin.Level_14_Log_Report_HTML - Pre-condition - STEP 01: Open Login Page
2020-09-08 17:15:36,241 INFO  com.wordpress.admin.Level_14_Log_Report_HTML - Pre-condition - STEP 02: Input To 'Email' textbox 
2020-09-08 17:15:36,296 INFO  com.wordpress.admin.Level_14_Log_Report_HTML - Pre-condition - STEP 03: Click to 'Continue' button
2020-09-08 17:15:36,377 INFO  com.wordpress.admin.Level_14_Log_Report_HTML - Pre-condition - STEP 03: Click to 'Continue' button
2020-09-08 17:15:36,383 INFO  com.wordpress.admin.Level_14_Log_Report_HTML - Pre-condition - STEP 04: Input to 'Password' textbox
2020-09-08 17:15:36,463 INFO  com.wordpress.admin.Level_14_Log_Report_HTML - Pre-condition - STEP 04: Input to 'Password' textbox
2020-09-08 17:15:37,114 INFO  com.wordpress.admin.Level_14_Log_Report_HTML - Pre-condition - STEP 05: Click to 'Login' button
2020-09-08 17:15:37,233 INFO  com.wordpress.admin.Level_14_Log_Report_HTML - Pre-condition - STEP 05: Click to 'Login' button
2020-09-08 17:15:37,257 INFO  com.wordpress.admin.Level_14_Log_Report_HTML - Pre-condition - STEP 06: Verify Dashboard Header Displayed
2020-09-08 17:15:37,334 INFO  com.wordpress.admin.Level_14_Log_Report_HTML - Pre-condition - STEP 06: Verify Dashboard Header Displayed
2020-09-08 17:15:39,213 INFO  com.wordpress.admin.Level_14_Log_Report_HTML - New_Customer - STEP 01: Click to 'Screen' options 
2020-09-08 17:15:39,497 INFO  com.wordpress.admin.Level_14_Log_Report_HTML - New_Customer - STEP 01: Click to 'Screen' options 
2020-09-08 17:15:41,324 INFO  com.wordpress.admin.Level_14_Log_Report_HTML - New_Customer - STEP 02: Verify 'Activity' checkbox is displayed
2020-09-08 17:15:41,349 INFO  com.wordpress.admin.Level_14_Log_Report_HTML - New_Customer - STEP 03: Click to 'Screen' options 
2020-09-08 17:15:41,591 INFO  com.wordpress.admin.Level_14_Log_Report_HTML - New_Customer - STEP 02: Verify 'Activity' checkbox is displayed
2020-09-08 17:15:41,617 INFO  com.wordpress.admin.Level_14_Log_Report_HTML - New_Customer - STEP 03: Click to 'Screen' options 
2020-09-08 17:15:43,409 INFO  com.wordpress.admin.Level_14_Log_Report_HTML - New_Customer - STEP 04: Verify 'Activity' checkbox is not displayed 
2020-09-08 17:15:43,436 INFO  com.wordpress.admin.Level_14_Log_Report_HTML - New_Customer - STEP 05: Verify 'all post' submenu is not displayed  
2020-09-08 17:15:43,464 INFO  com.wordpress.admin.Level_14_Log_Report_HTML - Edit_Customer - STEP 01: Verify 'plans' menu is not displayed  
2020-09-08 17:15:43,689 INFO  com.wordpress.admin.Level_14_Log_Report_HTML - New_Customer - STEP 04: Verify 'Activity' checkbox is not displayed 
2020-09-08 17:15:43,713 INFO  com.wordpress.admin.Level_14_Log_Report_HTML - New_Customer - STEP 05: Verify 'all post' submenu is not displayed  
2020-09-08 17:15:43,737 INFO  com.wordpress.admin.Level_14_Log_Report_HTML - Edit_Customer - STEP 01: Verify 'plans' menu is not displayed  
2020-09-08 17:15:48,501 INFO  com.wordpress.admin.Level_14_Log_Report_HTML - Post Condition - Close browser 
2020-09-08 17:15:48,765 INFO  com.wordpress.admin.Level_14_Log_Report_HTML - Post Condition - Close browser 
2020-09-08 17:18:00,100 INFO  com.wordpress.admin.Level_14_Log_Report_HTML - Pre-condition - Open browser
2020-09-08 17:18:00,100 INFO  com.wordpress.admin.Level_14_Log_Report_HTML - Pre-condition - Open browser
2020-09-08 17:18:08,739 INFO  com.wordpress.admin.Level_14_Log_Report_HTML - Pre-condition - STEP 01: Open Login Page
2020-09-08 17:18:08,742 INFO  com.wordpress.admin.Level_14_Log_Report_HTML - Pre-condition - STEP 02: Input To 'Email' textbox 
2020-09-08 17:18:08,864 INFO  com.wordpress.admin.Level_14_Log_Report_HTML - Pre-condition - STEP 01: Open Login Page
2020-09-08 17:18:08,864 INFO  com.wordpress.admin.Level_14_Log_Report_HTML - Pre-condition - STEP 02: Input To 'Email' textbox 
2020-09-08 17:18:08,923 INFO  com.wordpress.admin.Level_14_Log_Report_HTML - Pre-condition - STEP 03: Click to 'Continue' button
2020-09-08 17:18:08,996 INFO  com.wordpress.admin.Level_14_Log_Report_HTML - Pre-condition - STEP 03: Click to 'Continue' button
2020-09-08 17:18:09,011 INFO  com.wordpress.admin.Level_14_Log_Report_HTML - Pre-condition - STEP 04: Input to 'Password' textbox
2020-09-08 17:18:09,076 INFO  com.wordpress.admin.Level_14_Log_Report_HTML - Pre-condition - STEP 04: Input to 'Password' textbox
2020-09-08 17:18:09,648 INFO  com.wordpress.admin.Level_14_Log_Report_HTML - Pre-condition - STEP 05: Click to 'Login' button
2020-09-08 17:18:09,711 INFO  com.wordpress.admin.Level_14_Log_Report_HTML - Pre-condition - STEP 06: Verify Dashboard Header Displayed
2020-09-08 17:18:09,716 INFO  com.wordpress.admin.Level_14_Log_Report_HTML - Pre-condition - STEP 05: Click to 'Login' button
2020-09-08 17:18:09,769 INFO  com.wordpress.admin.Level_14_Log_Report_HTML - Pre-condition - STEP 06: Verify Dashboard Header Displayed
2020-09-08 17:18:11,824 INFO  com.wordpress.admin.Level_14_Log_Report_HTML - New_Customer - STEP 01: Click to 'Screen' options 
2020-09-08 17:18:11,866 INFO  com.wordpress.admin.Level_14_Log_Report_HTML - New_Customer - STEP 01: Click to 'Screen' options 
2020-09-08 17:18:13,964 INFO  com.wordpress.admin.Level_14_Log_Report_HTML - New_Customer - STEP 02: Verify 'Activity' checkbox is displayed
2020-09-08 17:18:13,986 INFO  com.wordpress.admin.Level_14_Log_Report_HTML - New_Customer - STEP 03: Click to 'Screen' options 
2020-09-08 17:18:14,001 INFO  com.wordpress.admin.Level_14_Log_Report_HTML - New_Customer - STEP 02: Verify 'Activity' checkbox is displayed
2020-09-08 17:18:14,027 INFO  com.wordpress.admin.Level_14_Log_Report_HTML - New_Customer - STEP 03: Click to 'Screen' options 
2020-09-08 17:18:16,053 INFO  com.wordpress.admin.Level_14_Log_Report_HTML - New_Customer - STEP 04: Verify 'Activity' checkbox is not displayed 
2020-09-08 17:18:16,087 INFO  com.wordpress.admin.Level_14_Log_Report_HTML - New_Customer - STEP 05: Verify 'all post' submenu is not displayed  
2020-09-08 17:18:16,093 INFO  com.wordpress.admin.Level_14_Log_Report_HTML - New_Customer - STEP 04: Verify 'Activity' checkbox is not displayed 
2020-09-08 17:18:16,114 INFO  com.wordpress.admin.Level_14_Log_Report_HTML - Edit_Customer - STEP 01: Verify 'plans' menu is not displayed  
2020-09-08 17:18:16,120 INFO  com.wordpress.admin.Level_14_Log_Report_HTML - New_Customer - STEP 05: Verify 'all post' submenu is not displayed  
2020-09-08 17:18:16,147 INFO  com.wordpress.admin.Level_14_Log_Report_HTML - Edit_Customer - STEP 01: Verify 'plans' menu is not displayed  
2020-09-08 17:18:21,149 INFO  com.wordpress.admin.Level_14_Log_Report_HTML - Post Condition - Close browser 
2020-09-08 17:18:21,206 INFO  com.wordpress.admin.Level_14_Log_Report_HTML - Post Condition - Close browser 
2020-09-08 20:32:03,247 INFO  com.wordpress.admin.Level_15_Assert_Verify -  -------------------------- PASSED -------------------------- 
2020-09-08 20:32:05,409 INFO  com.wordpress.admin.Level_15_Assert_Verify -  -------------------------- FAILED -------------------------- 
2020-09-08 20:32:05,443 INFO  com.wordpress.admin.Level_15_Assert_Verify -  -------------------------- FAILED -------------------------- 
2020-09-08 20:32:10,547 INFO  com.wordpress.admin.Level_15_Assert_Verify -  -------------------------- PASSED -------------------------- 
